detecting proxies
proxy type: DIRECT
No Proxy
onlineservices.tin.egov-nsdl.com
the proxy validator is true
detecting proxies
proxy type: DIRECT
No Proxy
onlineservices.tin.egov-nsdl.com
--result--7.5^2.171^2.1303
FVU_Electronic_after2010117.5
FVU_Electronic_before2010112.171
FVU_Paper2.1303
FVU path: \\nsdlfs\TIN_TDS\RPU 4.1, FVU 7.6, 2.172, 1304\Testing\UAT\e-filing files\correction\26Q\26QCQ4.err
--TO CHECK FVU VERSION-- 4.5
Inside RPU func
Inside RPU func 1
The cons File name is 117
Line: 1^FH^NS1^R^04052022^^O^^1^7^04052022^^^^12345678901234567890^^^

Hash value of Line: 134105
Line: 2^BH^1^1^26Q^^^770000000131202^770000000131202^^^^CHEA09325B^2^PANNOTREQD^202223^202122^Q4^DIRECTORATE OF INCOME TAX SYATEM^NA^34^ANAJALI APT^A M MARG^^^29^870756^ACE@GMAIL.COM^22^67675758^N^A^HEMANT^CA^34^ANAJALI APT^A M MARG^^^29^870756^ACE@GMAIL.COM^^^^N^000000010000.00^8786775664^^^N^^^^PAONOTAVBL^DDONOTAVBL^2^^HNSPL7654F^^^^^^^^^^1041316^^

Hash value of Line: 4248334
Line: 3^CD^1^1^4^N^^5^M^^^00067^^^^1000008^^31032022^^^^000000010000.00^000000000000.00^000000000000.00^000000000000.00^000000000000.00^10000.00^^000000000200.00^000000000200.00^000000000000.00^000000000000.00^000000000200.00^000000000000.00^000000000000.00^^Y^9800.00^^0.00^0

Hash value of Line: 1982247
Line: 4^DD^1^1^1^O^^2^^HNSPL8765G^^^URMILA^000000000100.00^000000000000.00^000000000000.00^000000000100.00^^000000000100.00^^^000000001000.00^01032022^12032022^31032022^01.0000^^^^^N^0^^94Q^^^^^^^^^^^^^^^^^

Hash value of Line: 1301727
Line: 5^DD^1^1^2^O^^2^^GBSPL9876H^^^TRISHA^000000000100.00^000000000000.00^000000000000.00^000000000100.00^^000000000100.00^^^000000000500.00^01032022^12032022^31032022^01.0000^^^^^N^0^^94Q^^^^^^^^^^^^^^^^^

Hash value of Line: 1302175
Line: 6^DD^1^1^3^O^^2^^ANSPL9876H^^^APPLOLO^000000000000.00^000000000000.00^000000000000.00^000000000000.00^^000000000000.00^^^000000001000.00^30032022^^31032022^00.0000^^^^Z^N^0^^4IA^^^^^^^^^^^^^^^^^

Hash value of Line: 1242757
Line: 7^DD^1^1^4^O^^2^^ABSPL6543F^^^ANSHUK^000000000000.00^000000000000.00^000000000000.00^000000000000.00^^000000000000.00^^^000000000500.00^30032022^^31032022^00.0000^^^^Z^N^0^^4IB^^^^^^^^^^^^^^^^^

Hash value of Line: 1230521
The 20 digit Hash code is  00000000000011441866
The upload type CThe Cons hash in file 00000000000011441866-
In else part of is cons valid
To Continue 0
