inside the initialisebhtab
inside FixedColumnTable 
inside FixedColumnTable 
before state changed called
Re-Initializing
before state changed called
Re-Initializing
changes to be added.......
changes to be added.......
initialization annex3
inside FixedColumnTable 
initialization
jar:file:/Users/sanath-10401/Documents/z/Form24Q%20-%20Analysis/softwares/TDS_RPU_4.1/TDS_RPU_4.1.jar!/images/rp.png url
inside FixedColumnTable 
before state changed called
Re-Initializing
before state changed called
Re-Initializing
before state changed called
Re-Initializing
inside ANNE_TAB_INDEX2
before state changed called
Re-Initializing
before state changed called
Re-Initializing
inside ANNE_TAB_INDEX2
before state changed called
Re-Initializing
before state changed called
Re-Initializing
Inside Mouse Clicked ann 2
Inside Mouse Clicked ann 2
Inside Mouse Clicked ann 2
before state changed called
Re-Initializing
inside ANNE_TAB_INDEX2
before state changed called
Re-Initializing
before state changed called
Re-Initializing
Inside Mouse Clicked ann 2
Inside Mouse Clicked ann 2
Inside Mouse Clicked ann 2
before state changed called
Re-Initializing
Form Number24Q
Form Number24Q
Inside Mouse Clicked
Form Number24Q
Inside Mouse Clicked
Form Number24Q
Inside Mouse Clicked
Inside Mouse Clicked
copy from excel 
Inside Mouse Clicked
copy from excel 
Form Number24Q
Inside Mouse Clicked
copy from excel 
Form Number24Q
to delete rows
exception is Invalid location
exception is Invalid location
exception is Invalid location
Form Number24Q
to delete rows
exception is Invalid location
exception is Invalid location
to delete rows
Form Number24Q
to delete rows
exception is Invalid location
exception is Invalid location
to delete rows
Form Number24Q
to delete rows
exception is Invalid location
Form Number24Q
to delete rows
exception is Invalid location
Form Number24Q
to delete rows
exception is Invalid location
Form Number24Q
Inside Mouse Clicked
copy from excel 
Its No in mode of deposit
Form Number24Q
to delete rows
exception is Invalid location
exception is Invalid location
exception is Invalid location
Form Number24Q
to delete rows
exception is Invalid location
exception is Invalid location
exception is Invalid location
exception is Invalid location
exception is Invalid location
exception is Invalid location
Form Number24Q
Inside Mouse Clicked
copy from excel 
Its No in mode of deposit
Form Number24Q
to delete rows
exception is Invalid location
exception is Invalid location
exception is Invalid location
exception is Invalid location
Form Number24Q
Form Number24Q
exception is Invalid location
exception is Invalid location
exception is Invalid location
Form Number24Q
Inside Mouse Clicked
copy from excel 
Its No in mode of deposit
Form Number24Q
exception is Invalid location
exception is Invalid location
Form Number24Q
Inside Mouse Clicked
copy from excel 
Its No in mode of deposit
Form Number24Q
exception is Invalid location
exception is Invalid location
Form Number24Q
Inside Mouse Clicked
copy from excel 
Its No in mode of deposit
the mode is No
before state changed called
Re-Initializing
inside ANNE_TAB_INDEX2
Form Number24Q
Inside Mouse Clicked annexure 1
Inside Mouse Clicked annexure 1
Inside Mouse Clicked annexure 1
Inside Mouse Clicked annexure 1
before state changed called
Re-Initializing
Inside Mouse Clicked ann 2
before state changed called
Re-Initializing
inside ANNE_TAB_INDEX2
Form Number24Q
Inside Mouse Clicked annexure 1
exception is Invalid location
exception is Invalid location
exception is Invalid location
exception is Invalid location
exception is Invalid location
exception is Invalid location
Inside Mouse Clicked annexure 1
exception is Invalid location
exception is Invalid location
exception is Invalid location
Inside Mouse Clicked annexure 1
exception is Invalid location
exception is Invalid location
exception is Invalid location
Inside Mouse Clicked annexure 1
Inside Mouse Clicked annexure 1
Inside Mouse Clicked annexure 1
Inside Mouse Clicked annexure 1
to delete rows
exception is Invalid location
exception is Invalid location
exception is Invalid location
to delete rows
exception is Invalid location
exception is Invalid location
exception is Invalid location
Inside Mouse Clicked annexure 1
exception is Invalid location
exception is Invalid location
exception is Invalid location
to delete rows
exception is Invalid location
exception is Invalid location
exception is Invalid location
Inside Mouse Clicked annexure 1
Get table component value null
before state changed called
Re-Initializing
Inside Mouse Clicked ann 2
Inside Mouse Clicked ann 2
to delete rows
Inside Mouse Clicked ann 2
Inside Mouse Clicked ann 2
Inside Mouse Clicked ann 2
to delete rows
exception is Invalid location
col11=null
col12=null
col13=0.00
total ded of 16 I II and IA = 0.0
sysout14
Inside Mouse Clicked ann 2
to delete rows
Inside Mouse Clicked ann 2
call itemlistener
Inside Mouse Clicked ann 2
call itemlistener
Inside Mouse Clicked ann 2
call itemlistener
length of data=15
length of data=15
length of data=15
Inside Mouse Clicked ann 2
to delete rows
exception is Invalid location
exception is Invalid location
exception is Invalid location
exception is Invalid location
exception is Invalid location
col11=null
col12=null
col13=0.00
total ded of 16 I II and IA = 5.6237487234E10
sysout14
before state changed called
Re-Initializing
Inside Mouse Clicked Annexure3
