inside the initialisebhtab
inside FixedColumnTable 
inside FixedColumnTable 
before state changed called
Re-Initializing
before state changed called
Re-Initializing
changes to be added.......
before state changed called
Re-Initializing
before state changed called
Re-Initializing
inside ANNE_TAB_INDEX2
before state changed called
Re-Initializing
Form Number24Q
Inside Mouse Clicked
copy from excel 
Form Number24Q
Inside Mouse Clicked
copy from excel 
Form Number24Q
to delete rows
exception is Invalid location
exception is Invalid location
exception is Invalid location
Form Number24Q
to delete rows
exception is Invalid location
exception is Invalid location
exception is Invalid location
exception is Invalid location
exception is Invalid location
exception is Invalid location
exception is Invalid location
exception is Invalid location
Form Number24Q
to delete rows
exception is Invalid location
exception is Invalid location
exception is Invalid location
exception is Invalid location
exception is Invalid location
Form Number24Q
exception is Invalid location
exception is Invalid location
exception is Invalid location
Form Number24Q
Inside Mouse Clicked
copy from excel 
Its No in mode of deposit
Form Number24Q
to delete rows
exception is Invalid location
exception is Invalid location
exception is Invalid location
Form Number24Q
Inside Mouse Clicked
copy from excel 
Its No in mode of deposit
Form Number24Q
Inside Mouse Clicked
copy from excel 
Form Number24Q
Inside Mouse Clicked
copy from excel 
Form Number24Q
Components: 2
Form Number24Q
Inside Mouse Clicked
copy from excel 
Its No in mode of deposit
Form Number24Q
Inside Mouse Clicked
copy from excel 
Form Number24Q
Inside Mouse Clicked
copy from excel 
Form Number24Q
Components: 2
Form Number24Q
Inside Mouse Clicked
copy from excel 
Its No in mode of deposit
the mode is No
the mode is No
Form Number24Q
Inside Mouse Clicked
copy from excel 
Its No in mode of deposit
Form Number24Q
Inside Mouse Clicked
copy from excel 
Its No in mode of deposit
Form Number24Q
Inside Mouse Clicked
copy from excel 
Its No in mode of deposit
Form Number24Q
to delete rows
exception is Invalid location
exception is Invalid location
exception is Invalid location
exception is Invalid location
Form Number24Q
Inside Mouse Clicked
copy from excel 
Its No in mode of deposit
before state changed called
Re-Initializing
inside ANNE_TAB_INDEX2
Form Number24Q
Inside Mouse Clicked annexure 1
Inside Mouse Clicked annexure 1
Inside Mouse Clicked annexure 1
Inside Mouse Clicked annexure 1
Inside Mouse Clicked annexure 1
Inside Mouse Clicked annexure 1
Inside Mouse Clicked annexure 1
Inside Mouse Clicked annexure 1
Inside Mouse Clicked annexure 1
Inside Mouse Clicked annexure 1
Inside Mouse Clicked annexure 1
before state changed called
Re-Initializing
before state changed called
Re-Initializing
inside ANNE_TAB_INDEX2
Form Number24Q
Inside Mouse Clicked annexure 1
